<?xml version="1.0" encoding="UTF-8"?>
<!-- Generated by org.testng.reporters.JUnitReportReporter -->
<testsuite hostname="LAPTOP-N2JA4NOG" failures="0" tests="2" name="TestBasics" time="5.849" errors="0" timestamp="2022-01-20T14:08:24 GMT+08:00" skipped="0">
  <testcase classname="TestBasics" name="getProduct" time="1.655"/>
  <system-out>
    <![CDATA[ Test 2 - get all of products.
All products got.]]>
  </system-out>
  <testcase classname="TestBasics" name="getCategories" time="4.194"/>
  <system-out>
    <![CDATA[Test 1 - get categories of product.
Categories of product got.]]>
  </system-out>
</testsuite> <!-- TestBasics -->
