<?xml version="1.0" encoding="UTF-8"?>
<!-- Generated by org.testng.reporters.JUnitReportReporter -->
<testsuite hostname="LAPTOP-N2JA4NOG" failures="0" tests="2" name="TestUseCase" time="0.001" errors="0" timestamp="2022-01-20T14:08:24 GMT+08:00" skipped="0">
  <testcase classname="TestUseCase" name="Test_2" time="0.001"/>
  <system-out/>
  <testcase classname="TestUseCase" name="Test_1" time="0.000"/>
  <system-out/>
</testsuite> <!-- TestUseCase -->
